<?xml version="1.0" encoding="UTF-8"?>
<testng-results ignored="0" total="2" passed="2" failed="0" skipped="0">
  <reporter-output>
  </reporter-output>
  <suite started-at="2022-05-18T09:40:20 CST" name="Parallel Testing Suite" finished-at="2022-05-18T09:40:46 CST" duration-ms="25460">
    <groups>
    </groups>
    <test started-at="2022-05-18T09:40:20 CST" name="Parallel Tests" finished-at="2022-05-18T09:40:46 CST" duration-ms="25460">
      <class name="ParallelTest">
        <test-method signature="FirefoxTest()[pri:0, instance:ParallelTest@61230f6a]" started-at="2022-05-18T09:40:20 CST" name="FirefoxTest" finished-at="2022-05-18T09:40:46 CST" duration-ms="25275" status="PASS">
          <reporter-output>
          </reporter-output>
        </test-method> <!-- FirefoxTest -->
        <test-method signature="ChromeTest()[pri:0, instance:ParallelTest@61230f6a]" started-at="2022-05-18T09:40:20 CST" name="ChromeTest" finished-at="2022-05-18T09:40:46 CST" duration-ms="25334" status="PASS">
          <reporter-output>
          </reporter-output>
        </test-method> <!-- ChromeTest -->
      </class> <!-- ParallelTest -->
    </test> <!-- Parallel Tests -->
  </suite> <!-- Parallel Testing Suite -->
</testng-results>
